<?xml version="1.0" encoding="UTF-8"?>
<coverage generated="1725089112">
  <project timestamp="1725089112">
    <file name="/home/runner/work/laravel-mpesa/laravel-mpesa/src/Commands/InstallMpesaPackageCommand.php">
      <class name="Ghostscypher\Mpesa\Commands\InstallMpesaPackageCommand" namespace="global">
        <metrics complexity="2" methods="1" coveredmethods="0" conditionals="0" coveredconditionals="0" statements="17" coveredstatements="0" elements="18" coveredelements="0"/>
      </class>
      <line num="11" type="method" name="handle" visibility="public" complexity="2" crap="6" count="0"/>
      <line num="13" type="stmt" count="0"/>
      <line num="15" type="stmt" count="0"/>
      <line num="16" type="stmt" count="0"/>
      <line num="17" type="stmt" count="0"/>
      <line num="18" type="stmt" count="0"/>
      <line num="20" type="stmt" count="0"/>
      <line num="21" type="stmt" count="0"/>
      <line num="22" type="stmt" count="0"/>
      <line num="23" type="stmt" count="0"/>
      <line num="25" type="stmt" count="0"/>
      <line num="26" type="stmt" count="0"/>
      <line num="27" type="stmt" count="0"/>
      <line num="28" type="stmt" count="0"/>
      <line num="31" type="stmt" count="0"/>
      <line num="32" type="stmt" count="0"/>
      <line num="35" type="stmt" count="0"/>
      <line num="37" type="stmt" count="0"/>
      <metrics loc="40" ncloc="39" classes="1" methods="1" coveredmethods="0" conditionals="0" coveredconditionals="0" statements="17" coveredstatements="0" elements="18" coveredelements="0"/>
    </file>
    <file name="/home/runner/work/laravel-mpesa/laravel-mpesa/src/Commands/RegisterC2BCallbackCommand.php">
      <class name="Ghostscypher\Mpesa\Commands\RegisterC2BCallbackCommand" namespace="global">
        <metrics complexity="3" methods="1" coveredmethods="0" conditionals="0" coveredconditionals="0" statements="15" coveredstatements="0" elements="16" coveredelements="0"/>
      </class>
      <line num="11" type="method" name="handle" visibility="public" complexity="3" crap="12" count="0"/>
      <line num="13" type="stmt" count="0"/>
      <line num="14" type="stmt" count="0"/>
      <line num="15" type="stmt" count="0"/>
      <line num="16" type="stmt" count="0"/>
      <line num="18" type="stmt" count="0"/>
      <line num="21" type="stmt" count="0"/>
      <line num="23" type="stmt" count="0"/>
      <line num="24" type="stmt" count="0"/>
      <line num="25" type="stmt" count="0"/>
      <line num="27" type="stmt" count="0"/>
      <line num="28" type="stmt" count="0"/>
      <line num="30" type="stmt" count="0"/>
      <line num="31" type="stmt" count="0"/>
      <line num="33" type="stmt" count="0"/>
      <line num="36" type="stmt" count="0"/>
      <metrics loc="39" ncloc="39" classes="1" methods="1" coveredmethods="0" conditionals="0" coveredconditionals="0" statements="15" coveredstatements="0" elements="16" coveredelements="0"/>
    </file>
    <file name="/home/runner/work/laravel-mpesa/laravel-mpesa/src/Concerns/MpesaAuth.php">
      <class name="Ghostscypher\Mpesa\Concerns\MpesaAuth" namespace="global">
        <metrics complexity="15" methods="4" coveredmethods="1" conditionals="0" coveredconditionals="0" statements="56" coveredstatements="43" elements="60" coveredelements="44"/>
      </class>
      <line num="20" type="method" name="getCredentials" visibility="protected" complexity="1" crap="1" count="18"/>
      <line num="22" type="stmt" count="18"/>
      <line num="33" type="method" name="generateToken" visibility="public" complexity="10" crap="11.10" count="19"/>
      <line num="36" type="stmt" count="19"/>
      <line num="39" type="stmt" count="19"/>
      <line num="42" type="stmt" count="19"/>
      <line num="43" type="stmt" count="0"/>
      <line num="45" type="stmt" count="0"/>
      <line num="46" type="stmt" count="0"/>
      <line num="47" type="stmt" count="0"/>
      <line num="49" type="stmt" count="0"/>
      <line num="53" type="stmt" count="19"/>
      <line num="54" type="stmt" count="1"/>
      <line num="58" type="stmt" count="18"/>
      <line num="59" type="stmt" count="18"/>
      <line num="60" type="stmt" count="18"/>
      <line num="62" type="stmt" count="18"/>
      <line num="63" type="stmt" count="18"/>
      <line num="64" type="stmt" count="18"/>
      <line num="65" type="stmt" count="18"/>
      <line num="68" type="stmt" count="18"/>
      <line num="71" type="stmt" count="18"/>
      <line num="72" type="stmt" count="0"/>
      <line num="76" type="stmt" count="18"/>
      <line num="77" type="stmt" count="0"/>
      <line num="81" type="stmt" count="18"/>
      <line num="82" type="stmt" count="0"/>
      <line num="86" type="stmt" count="18"/>
      <line num="88" type="stmt" count="18"/>
      <line num="89" type="stmt" count="18"/>
      <line num="90" type="stmt" count="18"/>
      <line num="91" type="stmt" count="18"/>
      <line num="92" type="stmt" count="18"/>
      <line num="93" type="stmt" count="18"/>
      <line num="97" type="stmt" count="18"/>
      <line num="100" type="stmt" count="18"/>
      <line num="101" type="stmt" count="18"/>
      <line num="102" type="stmt" count="18"/>
      <line num="104" type="stmt" count="18"/>
      <line num="110" type="method" name="isTokenExpired" visibility="public" complexity="1" crap="2" count="0"/>
      <line num="112" type="stmt" count="0"/>
      <line num="122" type="method" name="generateSecurityCredential" visibility="public" complexity="3" crap="3.10" count="6"/>
      <line num="125" type="stmt" count="6"/>
      <line num="126" type="stmt" count="6"/>
      <line num="127" type="stmt" count="0"/>
      <line num="128" type="stmt" count="6"/>
      <line num="129" type="stmt" count="6"/>
      <line num="131" type="stmt" count="6"/>
      <line num="134" type="stmt" count="6"/>
      <line num="137" type="stmt" count="6"/>
      <line num="139" type="stmt" count="6"/>
      <line num="140" type="stmt" count="6"/>
      <line num="141" type="stmt" count="6"/>
      <line num="142" type="stmt" count="6"/>
      <line num="143" type="stmt" count="6"/>
      <line num="144" type="stmt" count="6"/>
      <line num="146" type="stmt" count="0"/>
      <line num="147" type="stmt" count="0"/>
      <line num="148" type="stmt" count="0"/>
      <line num="151" type="stmt" count="6"/>
      <metrics loc="154" ncloc="115" classes="1" methods="4" coveredmethods="1" conditionals="0" coveredconditionals="0" statements="56" coveredstatements="43" elements="60" coveredelements="44"/>
    </file>
    <file name="/home/runner/work/laravel-mpesa/laravel-mpesa/src/Concerns/MpesaB2B.php">
      <class name="Ghostscypher\Mpesa\Concerns\MpesaB2B" namespace="global">
        <metrics complexity="11" methods="3" coveredmethods="0" conditionals="0" coveredconditionals="0" statements="103" coveredstatements="60" elements="106" coveredelements="60"/>
      </class>
      <line num="31" type="method" name="B2B" visibility="public" complexity="4" crap="4" count="1"/>
      <line num="48" type="stmt" count="1"/>
      <line num="50" type="stmt" count="1"/>
      <line num="51" type="stmt" count="0"/>
      <line num="54" type="stmt" count="1"/>
      <line num="55" type="stmt" count="1"/>
      <line num="56" type="stmt" count="1"/>
      <line num="57" type="stmt" count="1"/>
      <line num="58" type="stmt" count="1"/>
      <line num="59" type="stmt" count="1"/>
      <line num="60" type="stmt" count="1"/>
      <line num="61" type="stmt" count="1"/>
      <line num="62" type="stmt" count="1"/>
      <line num="63" type="stmt" count="1"/>
      <line num="64" type="stmt" count="1"/>
      <line num="65" type="stmt" count="1"/>
      <line num="66" type="stmt" count="1"/>
      <line num="67" type="stmt" count="1"/>
      <line num="68" type="stmt" count="1"/>
      <line num="69" type="stmt" count="1"/>
      <line num="70" type="stmt" count="1"/>
      <line num="71" type="stmt" count="1"/>
      <line num="72" type="stmt" count="1"/>
      <line num="73" type="stmt" count="1"/>
      <line num="74" type="stmt" count="1"/>
      <line num="75" type="stmt" count="1"/>
      <line num="76" type="stmt" count="1"/>
      <line num="77" type="stmt" count="1"/>
      <line num="78" type="stmt" count="1"/>
      <line num="79" type="stmt" count="1"/>
      <line num="80" type="stmt" count="1"/>
      <line num="81" type="stmt" count="1"/>
      <line num="82" type="stmt" count="1"/>
      <line num="83" type="stmt" count="1"/>
      <line num="84" type="stmt" count="1"/>
      <line num="86" type="stmt" count="1"/>
      <line num="87" type="stmt" count="0"/>
      <line num="90" type="stmt" count="1"/>
      <line num="93" type="stmt" count="1"/>
      <line num="94" type="stmt" count="1"/>
      <line num="97" type="stmt" count="1"/>
      <line num="121" type="method" name="B2BRemitTax" visibility="public" complexity="4" crap="20" count="0"/>
      <line num="137" type="stmt" count="0"/>
      <line num="139" type="stmt" count="0"/>
      <line num="140" type="stmt" count="0"/>
      <line num="143" type="stmt" count="0"/>
      <line num="144" type="stmt" count="0"/>
      <line num="145" type="stmt" count="0"/>
      <line num="146" type="stmt" count="0"/>
      <line num="147" type="stmt" count="0"/>
      <line num="148" type="stmt" count="0"/>
      <line num="149" type="stmt" count="0"/>
      <line num="150" type="stmt" count="0"/>
      <line num="151" type="stmt" count="0"/>
      <line num="152" type="stmt" count="0"/>
      <line num="153" type="stmt" count="0"/>
      <line num="154" type="stmt" count="0"/>
      <line num="155" type="stmt" count="0"/>
      <line num="156" type="stmt" count="0"/>
      <line num="157" type="stmt" count="0"/>
      <line num="158" type="stmt" count="0"/>
      <line num="159" type="stmt" count="0"/>
      <line num="160" type="stmt" count="0"/>
      <line num="161" type="stmt" count="0"/>
      <line num="162" type="stmt" count="0"/>
      <line num="163" type="stmt" count="0"/>
      <line num="164" type="stmt" count="0"/>
      <line num="165" type="stmt" count="0"/>
      <line num="166" type="stmt" count="0"/>
      <line num="167" type="stmt" count="0"/>
      <line num="168" type="stmt" count="0"/>
      <line num="169" type="stmt" count="0"/>
      <line num="170" type="stmt" count="0"/>
      <line num="171" type="stmt" count="0"/>
      <line num="172" type="stmt" count="0"/>
      <line num="173" type="stmt" count="0"/>
      <line num="175" type="stmt" count="0"/>
      <line num="176" type="stmt" count="0"/>
      <line num="179" type="stmt" count="0"/>
      <line num="182" type="stmt" count="0"/>
      <line num="183" type="stmt" count="0"/>
      <line num="186" type="stmt" count="0"/>
      <line num="199" type="method" name="B2BStkPush" visibility="public" complexity="3" crap="3" count="1"/>
      <line num="209" type="stmt" count="1"/>
      <line num="212" type="stmt" count="1"/>
      <line num="213" type="stmt" count="1"/>
      <line num="216" type="stmt" count="1"/>
      <line num="217" type="stmt" count="1"/>
      <line num="218" type="stmt" count="1"/>
      <line num="219" type="stmt" count="1"/>
      <line num="220" type="stmt" count="1"/>
      <line num="221" type="stmt" count="1"/>
      <line num="222" type="stmt" count="1"/>
      <line num="223" type="stmt" count="1"/>
      <line num="224" type="stmt" count="1"/>
      <line num="225" type="stmt" count="1"/>
      <line num="226" type="stmt" count="1"/>
      <line num="227" type="stmt" count="1"/>
      <line num="228" type="stmt" count="1"/>
      <line num="229" type="stmt" count="1"/>
      <line num="230" type="stmt" count="1"/>
      <line num="231" type="stmt" count="1"/>
      <line num="232" type="stmt" count="1"/>
      <line num="234" type="stmt" count="1"/>
      <line num="235" type="stmt" count="0"/>
      <line num="238" type="stmt" count="1"/>
      <metrics loc="242" ncloc="186" classes="1" methods="3" coveredmethods="0" conditionals="0" coveredconditionals="0" statements="103" coveredstatements="60" elements="106" coveredelements="60"/>
    </file>
    <file name="/home/runner/work/laravel-mpesa/laravel-mpesa/src/Concerns/MpesaB2C.php">
      <class name="Ghostscypher\Mpesa\Concerns\MpesaB2C" namespace="global">
        <metrics complexity="2" methods="1" coveredmethods="0" conditionals="0" coveredconditionals="0" statements="30" coveredstatements="29" elements="31" coveredelements="29"/>
      </class>
      <line num="27" type="method" name="B2C" visibility="public" complexity="2" crap="2" count="1"/>
      <line num="41" type="stmt" count="1"/>
      <line num="44" type="stmt" count="1"/>
      <line num="46" type="stmt" count="1"/>
      <line num="47" type="stmt" count="1"/>
      <line num="48" type="stmt" count="1"/>
      <line num="49" type="stmt" count="1"/>
      <line num="50" type="stmt" count="1"/>
      <line num="51" type="stmt" count="1"/>
      <line num="52" type="stmt" count="1"/>
      <line num="53" type="stmt" count="1"/>
      <line num="54" type="stmt" count="1"/>
      <line num="55" type="stmt" count="1"/>
      <line num="56" type="stmt" count="1"/>
      <line num="57" type="stmt" count="1"/>
      <line num="58" type="stmt" count="1"/>
      <line num="59" type="stmt" count="1"/>
      <line num="60" type="stmt" count="1"/>
      <line num="61" type="stmt" count="1"/>
      <line num="62" type="stmt" count="1"/>
      <line num="63" type="stmt" count="1"/>
      <line num="64" type="stmt" count="1"/>
      <line num="65" type="stmt" count="1"/>
      <line num="66" type="stmt" count="1"/>
      <line num="67" type="stmt" count="1"/>
      <line num="68" type="stmt" count="1"/>
      <line num="69" type="stmt" count="1"/>
      <line num="70" type="stmt" count="1"/>
      <line num="72" type="stmt" count="1"/>
      <line num="73" type="stmt" count="0"/>
      <line num="76" type="stmt" count="1"/>
      <metrics loc="79" ncloc="62" classes="1" methods="1" coveredmethods="0" conditionals="0" coveredconditionals="0" statements="30" coveredstatements="29" elements="31" coveredelements="29"/>
    </file>
    <file name="/home/runner/work/laravel-mpesa/laravel-mpesa/src/Concerns/MpesaBillManager.php">
      <class name="Ghostscypher\Mpesa\Concerns\MpesaBillManager" namespace="global">
        <metrics complexity="18" methods="7" coveredmethods="0" conditionals="0" coveredconditionals="0" statements="115" coveredstatements="107" elements="122" coveredelements="107"/>
      </class>
      <line num="34" type="method" name="billManagerOptIn" visibility="public" complexity="4" crap="4.01" count="1"/>
      <line num="42" type="stmt" count="1"/>
      <line num="45" type="stmt" count="1"/>
      <line num="47" type="stmt" count="1"/>
      <line num="48" type="stmt" count="1"/>
      <line num="49" type="stmt" count="1"/>
      <line num="50" type="stmt" count="1"/>
      <line num="51" type="stmt" count="1"/>
      <line num="52" type="stmt" count="1"/>
      <line num="53" type="stmt" count="1"/>
      <line num="54" type="stmt" count="1"/>
      <line num="55" type="stmt" count="1"/>
      <line num="56" type="stmt" count="1"/>
      <line num="57" type="stmt" count="1"/>
      <line num="58" type="stmt" count="1"/>
      <line num="59" type="stmt" count="1"/>
      <line num="60" type="stmt" count="1"/>
      <line num="61" type="stmt" count="1"/>
      <line num="63" type="stmt" count="1"/>
      <line num="64" type="stmt" count="0"/>
      <line num="68" type="stmt" count="1"/>
      <line num="71" type="stmt" count="1"/>
      <line num="72" type="stmt" count="0"/>
      <line num="76" type="stmt" count="1"/>
      <line num="78" type="stmt" count="1"/>
      <line num="95" type="method" name="billManagerUpdateDetails" visibility="public" complexity="4" crap="4" count="1"/>
      <line num="103" type="stmt" count="1"/>
      <line num="106" type="stmt" count="1"/>
      <line num="108" type="stmt" count="1"/>
      <line num="109" type="stmt" count="1"/>
      <line num="110" type="stmt" count="1"/>
      <line num="111" type="stmt" count="1"/>
      <line num="112" type="stmt" count="1"/>
      <line num="113" type="stmt" count="1"/>
      <line num="114" type="stmt" count="1"/>
      <line num="115" type="stmt" count="1"/>
      <line num="116" type="stmt" count="1"/>
      <line num="117" type="stmt" count="1"/>
      <line num="118" type="stmt" count="1"/>
      <line num="119" type="stmt" count="1"/>
      <line num="120" type="stmt" count="1"/>
      <line num="121" type="stmt" count="1"/>
      <line num="122" type="stmt" count="1"/>
      <line num="124" type="stmt" count="1"/>
      <line num="125" type="stmt" count="0"/>
      <line num="129" type="stmt" count="1"/>
      <line num="132" type="stmt" count="1"/>
      <line num="133" type="stmt" count="1"/>
      <line num="136" type="stmt" count="1"/>
      <line num="171" type="method" name="billManagerSingleInvoicing" visibility="public" complexity="2" crap="2.00" count="1"/>
      <line num="174" type="stmt" count="1"/>
      <line num="176" type="stmt" count="1"/>
      <line num="177" type="stmt" count="1"/>
      <line num="178" type="stmt" count="1"/>
      <line num="179" type="stmt" count="1"/>
      <line num="180" type="stmt" count="1"/>
      <line num="181" type="stmt" count="1"/>
      <line num="182" type="stmt" count="1"/>
      <line num="183" type="stmt" count="1"/>
      <line num="184" type="stmt" count="1"/>
      <line num="185" type="stmt" count="1"/>
      <line num="186" type="stmt" count="1"/>
      <line num="187" type="stmt" count="1"/>
      <line num="188" type="stmt" count="1"/>
      <line num="190" type="stmt" count="1"/>
      <line num="191" type="stmt" count="0"/>
      <line num="194" type="stmt" count="1"/>
      <line num="250" type="method" name="billManagerBulkInvoicing" visibility="public" complexity="2" crap="2.00" count="1"/>
      <line num="253" type="stmt" count="1"/>
      <line num="255" type="stmt" count="1"/>
      <line num="256" type="stmt" count="1"/>
      <line num="257" type="stmt" count="1"/>
      <line num="258" type="stmt" count="1"/>
      <line num="259" type="stmt" count="1"/>
      <line num="260" type="stmt" count="1"/>
      <line num="261" type="stmt" count="1"/>
      <line num="262" type="stmt" count="1"/>
      <line num="263" type="stmt" count="1"/>
      <line num="264" type="stmt" count="1"/>
      <line num="265" type="stmt" count="1"/>
      <line num="266" type="stmt" count="1"/>
      <line num="267" type="stmt" count="1"/>
      <line num="269" type="stmt" count="1"/>
      <line num="270" type="stmt" count="0"/>
      <line num="273" type="stmt" count="1"/>
      <line num="287" type="method" name="billManagerReconciliation" visibility="public" complexity="2" crap="2" count="1"/>
      <line num="296" type="stmt" count="1"/>
      <line num="299" type="stmt" count="1"/>
      <line num="301" type="stmt" count="1"/>
      <line num="302" type="stmt" count="1"/>
      <line num="303" type="stmt" count="1"/>
      <line num="304" type="stmt" count="1"/>
      <line num="305" type="stmt" count="1"/>
      <line num="306" type="stmt" count="1"/>
      <line num="307" type="stmt" count="1"/>
      <line num="308" type="stmt" count="1"/>
      <line num="309" type="stmt" count="1"/>
      <line num="310" type="stmt" count="1"/>
      <line num="311" type="stmt" count="1"/>
      <line num="312" type="stmt" count="1"/>
      <line num="313" type="stmt" count="1"/>
      <line num="314" type="stmt" count="1"/>
      <line num="315" type="stmt" count="1"/>
      <line num="317" type="stmt" count="1"/>
      <line num="318" type="stmt" count="0"/>
      <line num="321" type="stmt" count="1"/>
      <line num="334" type="method" name="billManagerCancelSingleInvoicing" visibility="public" complexity="2" crap="2.01" count="1"/>
      <line num="337" type="stmt" count="1"/>
      <line num="339" type="stmt" count="1"/>
      <line num="340" type="stmt" count="1"/>
      <line num="341" type="stmt" count="1"/>
      <line num="343" type="stmt" count="1"/>
      <line num="344" type="stmt" count="0"/>
      <line num="347" type="stmt" count="1"/>
      <line num="365" type="method" name="billManagerCancelBulkInvoicing" visibility="public" complexity="2" crap="2.01" count="1"/>
      <line num="368" type="stmt" count="1"/>
      <line num="370" type="stmt" count="1"/>
      <line num="371" type="stmt" count="1"/>
      <line num="372" type="stmt" count="1"/>
      <line num="374" type="stmt" count="1"/>
      <line num="375" type="stmt" count="0"/>
      <line num="378" type="stmt" count="1"/>
      <metrics loc="381" ncloc="212" classes="1" methods="7" coveredmethods="0" conditionals="0" coveredconditionals="0" statements="115" coveredstatements="107" elements="122" coveredelements="107"/>
    </file>
    <file name="/home/runner/work/laravel-mpesa/laravel-mpesa/src/Concerns/MpesaC2B.php">
      <class name="Ghostscypher\Mpesa\Concerns\MpesaC2B" namespace="global">
        <metrics complexity="2" methods="1" coveredmethods="0" conditionals="0" coveredconditionals="0" statements="15" coveredstatements="14" elements="16" coveredelements="14"/>
      </class>
      <line num="20" type="method" name="registerUrl" visibility="public" complexity="2" crap="2.00" count="1"/>
      <line num="27" type="stmt" count="1"/>
      <line num="29" type="stmt" count="1"/>
      <line num="30" type="stmt" count="1"/>
      <line num="31" type="stmt" count="1"/>
      <line num="32" type="stmt" count="1"/>
      <line num="33" type="stmt" count="1"/>
      <line num="34" type="stmt" count="1"/>
      <line num="35" type="stmt" count="1"/>
      <line num="36" type="stmt" count="1"/>
      <line num="37" type="stmt" count="1"/>
      <line num="38" type="stmt" count="1"/>
      <line num="39" type="stmt" count="1"/>
      <line num="41" type="stmt" count="1"/>
      <line num="42" type="stmt" count="0"/>
      <line num="45" type="stmt" count="1"/>
      <metrics loc="48" ncloc="39" classes="1" methods="1" coveredmethods="0" conditionals="0" coveredconditionals="0" statements="15" coveredstatements="14" elements="16" coveredelements="14"/>
    </file>
    <file name="/home/runner/work/laravel-mpesa/laravel-mpesa/src/Concerns/MpesaGlobalConfig.php">
      <class name="Ghostscypher\Mpesa\Concerns\MpesaGlobalConfig" namespace="global">
        <metrics complexity="27" methods="11" coveredmethods="9" conditionals="0" coveredconditionals="0" statements="81" coveredstatements="79" elements="92" coveredelements="88"/>
      </class>
      <line num="25" type="method" name="__construct" visibility="public" complexity="1" crap="1" count="35"/>
      <line num="27" type="stmt" count="35"/>
      <line num="31" type="method" name="updateHttpClient" visibility="protected" complexity="1" crap="1" count="19"/>
      <line num="34" type="stmt" count="19"/>
      <line num="35" type="stmt" count="19"/>
      <line num="36" type="stmt" count="19"/>
      <line num="38" type="stmt" count="19"/>
      <line num="39" type="stmt" count="19"/>
      <line num="40" type="stmt" count="19"/>
      <line num="41" type="stmt" count="19"/>
      <line num="44" type="stmt" count="19"/>
      <line num="45" type="stmt" count="19"/>
      <line num="46" type="stmt" count="19"/>
      <line num="47" type="stmt" count="19"/>
      <line num="48" type="stmt" count="19"/>
      <line num="49" type="stmt" count="19"/>
      <line num="51" type="stmt" count="19"/>
      <line num="53" type="stmt" count="19"/>
      <line num="62" type="method" name="refreshEnv" visibility="protected" complexity="2" crap="2" count="35"/>
      <line num="64" type="stmt" count="35"/>
      <line num="65" type="stmt" count="35"/>
      <line num="67" type="stmt" count="35"/>
      <line num="68" type="stmt" count="35"/>
      <line num="69" type="stmt" count="35"/>
      <line num="70" type="stmt" count="35"/>
      <line num="71" type="stmt" count="35"/>
      <line num="72" type="stmt" count="35"/>
      <line num="75" type="stmt" count="35"/>
      <line num="85" type="method" name="formatPhoneNumberE164" visibility="public" complexity="4" crap="4" count="5"/>
      <line num="88" type="stmt" count="5"/>
      <line num="89" type="stmt" count="5"/>
      <line num="90" type="stmt" count="5"/>
      <line num="92" type="stmt" count="5"/>
      <line num="98" type="method" name="isProduction" visibility="public" complexity="1" crap="1" count="6"/>
      <line num="100" type="stmt" count="6"/>
      <line num="106" type="method" name="isSandbox" visibility="public" complexity="1" crap="2" count="0"/>
      <line num="108" type="stmt" count="0"/>
      <line num="116" type="method" name="validate" visibility="protected" complexity="6" crap="6.04" count="16"/>
      <line num="118" type="stmt" count="16"/>
      <line num="119" type="stmt" count="16"/>
      <line num="121" type="stmt" count="5"/>
      <line num="122" type="stmt" count="16"/>
      <line num="124" type="stmt" count="16"/>
      <line num="126" type="stmt" count="2"/>
      <line num="127" type="stmt" count="16"/>
      <line num="129" type="stmt" count="16"/>
      <line num="130" type="stmt" count="0"/>
      <line num="133" type="stmt" count="16"/>
      <line num="139" type="method" name="generateOriginatorConversationId" visibility="public" complexity="1" crap="1" count="5"/>
      <line num="141" type="stmt" count="5"/>
      <line num="153" type="method" name="parseMpesaBalance" visibility="public" complexity="2" crap="2" count="1"/>
      <line num="155" type="stmt" count="1"/>
      <line num="157" type="stmt" count="1"/>
      <line num="159" type="stmt" count="1"/>
      <line num="160" type="stmt" count="1"/>
      <line num="162" type="stmt" count="1"/>
      <line num="163" type="stmt" count="1"/>
      <line num="164" type="stmt" count="1"/>
      <line num="165" type="stmt" count="1"/>
      <line num="166" type="stmt" count="1"/>
      <line num="167" type="stmt" count="1"/>
      <line num="168" type="stmt" count="1"/>
      <line num="169" type="stmt" count="1"/>
      <line num="172" type="stmt" count="1"/>
      <line num="191" type="method" name="deconstructData" visibility="public" complexity="4" crap="4" count="4"/>
      <line num="193" type="stmt" count="4"/>
      <line num="195" type="stmt" count="4"/>
      <line num="196" type="stmt" count="4"/>
      <line num="197" type="stmt" count="2"/>
      <line num="200" type="stmt" count="4"/>
      <line num="201" type="stmt" count="4"/>
      <line num="203" type="stmt" count="4"/>
      <line num="204" type="stmt" count="1"/>
      <line num="207" type="stmt" count="4"/>
      <line num="210" type="stmt" count="4"/>
      <line num="218" type="method" name="generateCallbackUrl" visibility="public" complexity="4" crap="4" count="7"/>
      <line num="221" type="stmt" count="7"/>
      <line num="222" type="stmt" count="7"/>
      <line num="225" type="stmt" count="7"/>
      <line num="226" type="stmt" count="2"/>
      <line num="227" type="stmt" count="2"/>
      <line num="228" type="stmt" count="2"/>
      <line num="230" type="stmt" count="2"/>
      <line num="231" type="stmt" count="2"/>
      <line num="235" type="stmt" count="7"/>
      <line num="236" type="stmt" count="3"/>
      <line num="240" type="stmt" count="4"/>
      <line num="241" type="stmt" count="4"/>
      <line num="242" type="stmt" count="4"/>
      <line num="245" type="stmt" count="4"/>
      <line num="246" type="stmt" count="1"/>
      <line num="250" type="stmt" count="4"/>
      <metrics loc="253" ncloc="175" classes="1" methods="11" coveredmethods="9" conditionals="0" coveredconditionals="0" statements="81" coveredstatements="79" elements="92" coveredelements="88"/>
    </file>
    <file name="/home/runner/work/laravel-mpesa/laravel-mpesa/src/Concerns/MpesaQRCode.php">
      <class name="Ghostscypher\Mpesa\Concerns\MpesaQRCode" namespace="global">
        <metrics complexity="2" methods="1" coveredmethods="0" conditionals="0" coveredconditionals="0" statements="20" coveredstatements="19" elements="21" coveredelements="19"/>
      </class>
      <line num="26" type="method" name="generateQRCode" visibility="public" complexity="2" crap="2" count="1"/>
      <line num="35" type="stmt" count="1"/>
      <line num="37" type="stmt" count="1"/>
      <line num="38" type="stmt" count="1"/>
      <line num="39" type="stmt" count="1"/>
      <line num="40" type="stmt" count="1"/>
      <line num="41" type="stmt" count="1"/>
      <line num="42" type="stmt" count="1"/>
      <line num="43" type="stmt" count="1"/>
      <line num="44" type="stmt" count="1"/>
      <line num="46" type="stmt" count="1"/>
      <line num="47" type="stmt" count="1"/>
      <line num="48" type="stmt" count="1"/>
      <line num="49" type="stmt" count="1"/>
      <line num="50" type="stmt" count="1"/>
      <line num="51" type="stmt" count="1"/>
      <line num="52" type="stmt" count="1"/>
      <line num="53" type="stmt" count="1"/>
      <line num="55" type="stmt" count="1"/>
      <line num="56" type="stmt" count="0"/>
      <line num="59" type="stmt" count="1"/>
      <metrics loc="62" ncloc="46" classes="1" methods="1" coveredmethods="0" conditionals="0" coveredconditionals="0" statements="20" coveredstatements="19" elements="21" coveredelements="19"/>
    </file>
    <file name="/home/runner/work/laravel-mpesa/laravel-mpesa/src/Concerns/MpesaStkPush.php">
      <class name="Ghostscypher\Mpesa\Concerns\MpesaStkPush" namespace="global">
        <metrics complexity="5" methods="3" coveredmethods="1" conditionals="0" coveredconditionals="0" statements="56" coveredstatements="38" elements="59" coveredelements="39"/>
      </class>
      <line num="19" type="method" name="generateStkPassword" visibility="protected" complexity="1" crap="1" count="1"/>
      <line num="21" type="stmt" count="1"/>
      <line num="22" type="stmt" count="1"/>
      <line num="23" type="stmt" count="1"/>
      <line num="24" type="stmt" count="1"/>
      <line num="25" type="stmt" count="1"/>
      <line num="26" type="stmt" count="1"/>
      <line num="27" type="stmt" count="1"/>
      <line num="28" type="stmt" count="1"/>
      <line num="44" type="method" name="stkPush" visibility="public" complexity="2" crap="2" count="1"/>
      <line num="56" type="stmt" count="1"/>
      <line num="59" type="stmt" count="1"/>
      <line num="60" type="stmt" count="1"/>
      <line num="63" type="stmt" count="1"/>
      <line num="64" type="stmt" count="1"/>
      <line num="65" type="stmt" count="1"/>
      <line num="66" type="stmt" count="1"/>
      <line num="67" type="stmt" count="1"/>
      <line num="68" type="stmt" count="1"/>
      <line num="69" type="stmt" count="1"/>
      <line num="70" type="stmt" count="1"/>
      <line num="71" type="stmt" count="1"/>
      <line num="72" type="stmt" count="1"/>
      <line num="73" type="stmt" count="1"/>
      <line num="74" type="stmt" count="1"/>
      <line num="75" type="stmt" count="1"/>
      <line num="76" type="stmt" count="1"/>
      <line num="77" type="stmt" count="1"/>
      <line num="78" type="stmt" count="1"/>
      <line num="79" type="stmt" count="1"/>
      <line num="80" type="stmt" count="1"/>
      <line num="81" type="stmt" count="1"/>
      <line num="82" type="stmt" count="1"/>
      <line num="83" type="stmt" count="1"/>
      <line num="84" type="stmt" count="1"/>
      <line num="85" type="stmt" count="1"/>
      <line num="86" type="stmt" count="1"/>
      <line num="87" type="stmt" count="1"/>
      <line num="89" type="stmt" count="1"/>
      <line num="90" type="stmt" count="0"/>
      <line num="94" type="stmt" count="1"/>
      <line num="103" type="method" name="stkPushQuery" visibility="public" complexity="2" crap="6" count="0"/>
      <line num="106" type="stmt" count="0"/>
      <line num="109" type="stmt" count="0"/>
      <line num="112" type="stmt" count="0"/>
      <line num="113" type="stmt" count="0"/>
      <line num="114" type="stmt" count="0"/>
      <line num="115" type="stmt" count="0"/>
      <line num="116" type="stmt" count="0"/>
      <line num="117" type="stmt" count="0"/>
      <line num="120" type="stmt" count="0"/>
      <line num="121" type="stmt" count="0"/>
      <line num="122" type="stmt" count="0"/>
      <line num="123" type="stmt" count="0"/>
      <line num="124" type="stmt" count="0"/>
      <line num="125" type="stmt" count="0"/>
      <line num="127" type="stmt" count="0"/>
      <line num="128" type="stmt" count="0"/>
      <line num="132" type="stmt" count="0"/>
      <metrics loc="135" ncloc="99" classes="1" methods="3" coveredmethods="1" conditionals="0" coveredconditionals="0" statements="56" coveredstatements="38" elements="59" coveredelements="39"/>
    </file>
    <file name="/home/runner/work/laravel-mpesa/laravel-mpesa/src/Concerns/MpesaUtility.php">
      <class name="Ghostscypher\Mpesa\Concerns\MpesaUtility" namespace="global">
        <metrics complexity="6" methods="3" coveredmethods="0" conditionals="0" coveredconditionals="0" statements="85" coveredstatements="82" elements="88" coveredelements="82"/>
      </class>
      <line num="28" type="method" name="transactionStatus" visibility="public" complexity="2" crap="2" count="1"/>
      <line num="40" type="stmt" count="1"/>
      <line num="42" type="stmt" count="1"/>
      <line num="43" type="stmt" count="1"/>
      <line num="44" type="stmt" count="1"/>
      <line num="45" type="stmt" count="1"/>
      <line num="46" type="stmt" count="1"/>
      <line num="47" type="stmt" count="1"/>
      <line num="48" type="stmt" count="1"/>
      <line num="49" type="stmt" count="1"/>
      <line num="50" type="stmt" count="1"/>
      <line num="51" type="stmt" count="1"/>
      <line num="52" type="stmt" count="1"/>
      <line num="53" type="stmt" count="1"/>
      <line num="54" type="stmt" count="1"/>
      <line num="55" type="stmt" count="1"/>
      <line num="56" type="stmt" count="1"/>
      <line num="57" type="stmt" count="1"/>
      <line num="58" type="stmt" count="1"/>
      <line num="59" type="stmt" count="1"/>
      <line num="60" type="stmt" count="1"/>
      <line num="61" type="stmt" count="1"/>
      <line num="62" type="stmt" count="1"/>
      <line num="63" type="stmt" count="1"/>
      <line num="64" type="stmt" count="1"/>
      <line num="65" type="stmt" count="1"/>
      <line num="66" type="stmt" count="1"/>
      <line num="68" type="stmt" count="1"/>
      <line num="69" type="stmt" count="0"/>
      <line num="72" type="stmt" count="1"/>
      <line num="74" type="stmt" count="1"/>
      <line num="89" type="method" name="checkBalance" visibility="public" complexity="2" crap="2" count="1"/>
      <line num="100" type="stmt" count="1"/>
      <line num="102" type="stmt" count="1"/>
      <line num="103" type="stmt" count="1"/>
      <line num="104" type="stmt" count="1"/>
      <line num="105" type="stmt" count="1"/>
      <line num="106" type="stmt" count="1"/>
      <line num="107" type="stmt" count="1"/>
      <line num="108" type="stmt" count="1"/>
      <line num="109" type="stmt" count="1"/>
      <line num="110" type="stmt" count="1"/>
      <line num="111" type="stmt" count="1"/>
      <line num="112" type="stmt" count="1"/>
      <line num="113" type="stmt" count="1"/>
      <line num="114" type="stmt" count="1"/>
      <line num="115" type="stmt" count="1"/>
      <line num="116" type="stmt" count="1"/>
      <line num="117" type="stmt" count="1"/>
      <line num="118" type="stmt" count="1"/>
      <line num="119" type="stmt" count="1"/>
      <line num="120" type="stmt" count="1"/>
      <line num="121" type="stmt" count="1"/>
      <line num="122" type="stmt" count="1"/>
      <line num="124" type="stmt" count="1"/>
      <line num="125" type="stmt" count="0"/>
      <line num="128" type="stmt" count="1"/>
      <line num="145" type="method" name="reverseTransaction" visibility="public" complexity="2" crap="2" count="1"/>
      <line num="158" type="stmt" count="1"/>
      <line num="160" type="stmt" count="1"/>
      <line num="161" type="stmt" count="1"/>
      <line num="162" type="stmt" count="1"/>
      <line num="163" type="stmt" count="1"/>
      <line num="164" type="stmt" count="1"/>
      <line num="165" type="stmt" count="1"/>
      <line num="166" type="stmt" count="1"/>
      <line num="167" type="stmt" count="1"/>
      <line num="168" type="stmt" count="1"/>
      <line num="169" type="stmt" count="1"/>
      <line num="170" type="stmt" count="1"/>
      <line num="171" type="stmt" count="1"/>
      <line num="172" type="stmt" count="1"/>
      <line num="173" type="stmt" count="1"/>
      <line num="174" type="stmt" count="1"/>
      <line num="175" type="stmt" count="1"/>
      <line num="176" type="stmt" count="1"/>
      <line num="177" type="stmt" count="1"/>
      <line num="178" type="stmt" count="1"/>
      <line num="179" type="stmt" count="1"/>
      <line num="180" type="stmt" count="1"/>
      <line num="181" type="stmt" count="1"/>
      <line num="182" type="stmt" count="1"/>
      <line num="183" type="stmt" count="1"/>
      <line num="184" type="stmt" count="1"/>
      <line num="185" type="stmt" count="1"/>
      <line num="187" type="stmt" count="1"/>
      <line num="188" type="stmt" count="0"/>
      <line num="191" type="stmt" count="1"/>
      <metrics loc="194" ncloc="149" classes="1" methods="3" coveredmethods="0" conditionals="0" coveredconditionals="0" statements="85" coveredstatements="82" elements="88" coveredelements="82"/>
    </file>
    <file name="/home/runner/work/laravel-mpesa/laravel-mpesa/src/Concerns/UsesMpesaEnv.php">
      <class name="Ghostscypher\Mpesa\Concerns\UsesMpesaEnv" namespace="global">
        <metrics complexity="1" methods="1" coveredmethods="1" conditionals="0" coveredconditionals="0" statements="5" coveredstatements="5" elements="6" coveredelements="6"/>
      </class>
      <line num="10" type="method" name="boot" visibility="protected" complexity="1" crap="1" count="18"/>
      <line num="12" type="stmt" count="18"/>
      <line num="14" type="stmt" count="18"/>
      <line num="15" type="stmt" count="18"/>
      <line num="16" type="stmt" count="18"/>
      <line num="17" type="stmt" count="18"/>
      <metrics loc="20" ncloc="17" classes="1" methods="1" coveredmethods="1" conditionals="0" coveredconditionals="0" statements="5" coveredstatements="5" elements="6" coveredelements="6"/>
    </file>
    <file name="/home/runner/work/laravel-mpesa/laravel-mpesa/src/Events/MpesaCallbackReceived.php">
      <class name="Ghostscypher\Mpesa\Events\MpesaCallbackReceived" namespace="global">
        <metrics complexity="1" methods="1" coveredmethods="0" conditionals="0" coveredconditionals="0" statements="2" coveredstatements="0" elements="3" coveredelements="0"/>
      </class>
      <line num="13" type="method" name="__construct" visibility="public" complexity="1" crap="2" count="0"/>
      <line num="15" type="stmt" count="0"/>
      <line num="16" type="stmt" count="0"/>
      <metrics loc="19" ncloc="19" classes="1" methods="1" coveredmethods="0" conditionals="0" coveredconditionals="0" statements="2" coveredstatements="0" elements="3" coveredelements="0"/>
    </file>
    <file name="/home/runner/work/laravel-mpesa/laravel-mpesa/src/Exceptions/MpesaAuthException.php">
      <class name="Ghostscypher\Mpesa\Exceptions\MpesaAuthException" namespace="global">
        <metrics complexity="0" methods="0" coveredmethods="0" conditionals="0" coveredconditionals="0" statements="0" coveredstatements="0" elements="0" coveredelements="0"/>
      </class>
      <metrics loc="13" ncloc="8" classes="0" methods="0" coveredmethods="0" conditionals="0" coveredconditionals="0" statements="0" coveredstatements="0" elements="0" coveredelements="0"/>
    </file>
    <file name="/home/runner/work/laravel-mpesa/laravel-mpesa/src/Exceptions/MpesaValidationException.php">
      <class name="Ghostscypher\Mpesa\Exceptions\MpesaValidationException" namespace="global">
        <metrics complexity="1" methods="1" coveredmethods="0" conditionals="0" coveredconditionals="0" statements="3" coveredstatements="0" elements="4" coveredelements="0"/>
      </class>
      <line num="19" type="method" name="__construct" visibility="public" complexity="1" crap="2" count="0"/>
      <line num="21" type="stmt" count="0"/>
      <line num="22" type="stmt" count="0"/>
      <line num="24" type="stmt" count="0"/>
      <metrics loc="27" ncloc="17" classes="1" methods="1" coveredmethods="0" conditionals="0" coveredconditionals="0" statements="3" coveredstatements="0" elements="4" coveredelements="0"/>
    </file>
    <file name="/home/runner/work/laravel-mpesa/laravel-mpesa/src/Facades/Mpesa.php">
      <class name="Ghostscypher\Mpesa\Facades\Mpesa" namespace="global">
        <metrics complexity="1" methods="1" coveredmethods="1" conditionals="0" coveredconditionals="0" statements="1" coveredstatements="1" elements="2" coveredelements="2"/>
      </class>
      <line num="12" type="method" name="getFacadeAccessor" visibility="protected" complexity="1" crap="1" count="33"/>
      <line num="14" type="stmt" count="33"/>
      <metrics loc="17" ncloc="14" classes="1" methods="1" coveredmethods="1" conditionals="0" coveredconditionals="0" statements="1" coveredstatements="1" elements="2" coveredelements="2"/>
    </file>
    <file name="/home/runner/work/laravel-mpesa/laravel-mpesa/src/GuzzlePromisePolyfill.php">
      <line num="6" type="stmt" count="0"/>
      <line num="15" type="stmt" count="0"/>
      <metrics loc="18" ncloc="12" classes="0" methods="0" coveredmethods="0" conditionals="0" coveredconditionals="0" statements="2" coveredstatements="0" elements="2" coveredelements="0"/>
    </file>
    <file name="/home/runner/work/laravel-mpesa/laravel-mpesa/src/Helpers/Constants.php">
      <class name="Ghostscypher\Mpesa\Helpers\Constants" namespace="global">
        <metrics complexity="0" methods="0" coveredmethods="0" conditionals="0" coveredconditionals="0" statements="0" coveredstatements="0" elements="0" coveredelements="0"/>
      </class>
      <metrics loc="55" ncloc="53" classes="0" methods="0" coveredmethods="0" conditionals="0" coveredconditionals="0" statements="0" coveredstatements="0" elements="0" coveredelements="0"/>
    </file>
    <file name="/home/runner/work/laravel-mpesa/laravel-mpesa/src/Http/Middleware/AllowOnlyWhitelistedIps.php">
      <class name="Ghostscypher\Mpesa\Http\Middleware\AllowOnlyWhitelistedIps" namespace="global">
        <metrics complexity="8" methods="1" coveredmethods="0" conditionals="0" coveredconditionals="0" statements="16" coveredstatements="0" elements="17" coveredelements="0"/>
      </class>
      <line num="16" type="method" name="handle" visibility="public" complexity="8" crap="72" count="0"/>
      <line num="18" type="stmt" count="0"/>
      <line num="19" type="stmt" count="0"/>
      <line num="21" type="stmt" count="0"/>
      <line num="22" type="stmt" count="0"/>
      <line num="26" type="stmt" count="0"/>
      <line num="27" type="stmt" count="0"/>
      <line num="28" type="stmt" count="0"/>
      <line num="30" type="stmt" count="0"/>
      <line num="31" type="stmt" count="0"/>
      <line num="32" type="stmt" count="0"/>
      <line num="33" type="stmt" count="0"/>
      <line num="34" type="stmt" count="0"/>
      <line num="36" type="stmt" count="0"/>
      <line num="40" type="stmt" count="0"/>
      <line num="41" type="stmt" count="0"/>
      <line num="45" type="stmt" count="0"/>
      <metrics loc="48" ncloc="39" classes="1" methods="1" coveredmethods="0" conditionals="0" coveredconditionals="0" statements="16" coveredstatements="0" elements="17" coveredelements="0"/>
    </file>
    <file name="/home/runner/work/laravel-mpesa/laravel-mpesa/src/Listeners/LogRequestSending.php">
      <class name="Ghostscypher\Mpesa\Listeners\LogRequestSending" namespace="global">
        <metrics complexity="3" methods="1" coveredmethods="0" conditionals="0" coveredconditionals="0" statements="12" coveredstatements="0" elements="13" coveredelements="0"/>
      </class>
      <line num="12" type="method" name="handle" visibility="public" complexity="3" crap="12" count="0"/>
      <line num="14" type="stmt" count="0"/>
      <line num="15" type="stmt" count="0"/>
      <line num="17" type="stmt" count="0"/>
      <line num="18" type="stmt" count="0"/>
      <line num="19" type="stmt" count="0"/>
      <line num="20" type="stmt" count="0"/>
      <line num="21" type="stmt" count="0"/>
      <line num="22" type="stmt" count="0"/>
      <line num="23" type="stmt" count="0"/>
      <line num="24" type="stmt" count="0"/>
      <line num="25" type="stmt" count="0"/>
      <line num="26" type="stmt" count="0"/>
      <metrics loc="31" ncloc="28" classes="1" methods="1" coveredmethods="0" conditionals="0" coveredconditionals="0" statements="12" coveredstatements="0" elements="13" coveredelements="0"/>
    </file>
    <file name="/home/runner/work/laravel-mpesa/laravel-mpesa/src/Listeners/LogResponseReceived.php">
      <class name="Ghostscypher\Mpesa\Listeners\LogResponseReceived" namespace="global">
        <metrics complexity="3" methods="1" coveredmethods="0" conditionals="0" coveredconditionals="0" statements="11" coveredstatements="0" elements="12" coveredelements="0"/>
      </class>
      <line num="12" type="method" name="handle" visibility="public" complexity="3" crap="12" count="0"/>
      <line num="14" type="stmt" count="0"/>
      <line num="15" type="stmt" count="0"/>
      <line num="16" type="stmt" count="0"/>
      <line num="18" type="stmt" count="0"/>
      <line num="19" type="stmt" count="0"/>
      <line num="20" type="stmt" count="0"/>
      <line num="21" type="stmt" count="0"/>
      <line num="22" type="stmt" count="0"/>
      <line num="23" type="stmt" count="0"/>
      <line num="24" type="stmt" count="0"/>
      <line num="25" type="stmt" count="0"/>
      <metrics loc="30" ncloc="27" classes="1" methods="1" coveredmethods="0" conditionals="0" coveredconditionals="0" statements="11" coveredstatements="0" elements="12" coveredelements="0"/>
    </file>
    <file name="/home/runner/work/laravel-mpesa/laravel-mpesa/src/Models/MpesaCallback.php">
      <class name="Ghostscypher\Mpesa\Models\MpesaCallback" namespace="global">
        <metrics complexity="3" methods="3" coveredmethods="0" conditionals="0" coveredconditionals="0" statements="3" coveredstatements="0" elements="6" coveredelements="0"/>
      </class>
      <line num="42" type="method" name="scopeFailed" visibility="public" complexity="1" crap="2" count="0"/>
      <line num="44" type="stmt" count="0"/>
      <line num="47" type="method" name="scopeSuccess" visibility="public" complexity="1" crap="2" count="0"/>
      <line num="49" type="stmt" count="0"/>
      <line num="52" type="method" name="scopeType" visibility="public" complexity="1" crap="2" count="0"/>
      <line num="54" type="stmt" count="0"/>
      <metrics loc="57" ncloc="54" classes="1" methods="3" coveredmethods="0" conditionals="0" coveredconditionals="0" statements="3" coveredstatements="0" elements="6" coveredelements="0"/>
    </file>
    <file name="/home/runner/work/laravel-mpesa/laravel-mpesa/src/Models/MpesaLog.php">
      <class name="Ghostscypher\Mpesa\Models\MpesaLog" namespace="global">
        <metrics complexity="0" methods="0" coveredmethods="0" conditionals="0" coveredconditionals="0" statements="0" coveredstatements="0" elements="0" coveredelements="0"/>
      </class>
      <metrics loc="37" ncloc="34" classes="0" methods="0" coveredmethods="0" conditionals="0" coveredconditionals="0" statements="0" coveredstatements="0" elements="0" coveredelements="0"/>
    </file>
    <file name="/home/runner/work/laravel-mpesa/laravel-mpesa/src/Models/MpesaToken.php">
      <class name="Ghostscypher\Mpesa\Models\MpesaToken" namespace="global">
        <metrics complexity="4" methods="4" coveredmethods="1" conditionals="0" coveredconditionals="0" statements="12" coveredstatements="9" elements="16" coveredelements="10"/>
      </class>
      <line num="29" type="method" name="booted" visibility="protected" complexity="1" crap="1" count="18"/>
      <line num="31" type="stmt" count="18"/>
      <line num="32" type="stmt" count="18"/>
      <line num="33" type="stmt" count="18"/>
      <line num="35" type="stmt" count="18"/>
      <line num="36" type="stmt" count="18"/>
      <line num="37" type="stmt" count="18"/>
      <line num="39" type="stmt" count="18"/>
      <line num="40" type="stmt" count="18"/>
      <line num="41" type="stmt" count="18"/>
      <line num="44" type="method" name="isExpired" visibility="public" complexity="1" crap="2" count="0"/>
      <line num="46" type="stmt" count="0"/>
      <line num="49" type="method" name="scopeExpired" visibility="public" complexity="1" crap="2" count="0"/>
      <line num="51" type="stmt" count="0"/>
      <line num="54" type="method" name="scopeToken" visibility="public" complexity="1" crap="2" count="0"/>
      <line num="56" type="stmt" count="0"/>
      <metrics loc="59" ncloc="59" classes="1" methods="4" coveredmethods="1" conditionals="0" coveredconditionals="0" statements="12" coveredstatements="9" elements="16" coveredelements="10"/>
    </file>
    <file name="/home/runner/work/laravel-mpesa/laravel-mpesa/src/Mpesa.php">
      <class name="Ghostscypher\Mpesa\Mpesa" namespace="global">
        <metrics complexity="2" methods="1" coveredmethods="0" conditionals="0" coveredconditionals="0" statements="5" coveredstatements="4" elements="6" coveredelements="4"/>
      </class>
      <line num="32" type="method" name="rawRequest" visibility="public" complexity="2" crap="2.03" count="1"/>
      <line num="34" type="stmt" count="1"/>
      <line num="35" type="stmt" count="0"/>
      <line num="38" type="stmt" count="1"/>
      <line num="39" type="stmt" count="1"/>
      <line num="41" type="stmt" count="1"/>
      <metrics loc="44" ncloc="36" classes="1" methods="1" coveredmethods="0" conditionals="0" coveredconditionals="0" statements="5" coveredstatements="4" elements="6" coveredelements="4"/>
    </file>
    <file name="/home/runner/work/laravel-mpesa/laravel-mpesa/src/MpesaServiceProvider.php">
      <class name="Ghostscypher\Mpesa\MpesaServiceProvider" namespace="global">
        <metrics complexity="14" methods="7" coveredmethods="4" conditionals="0" coveredconditionals="0" statements="50" coveredstatements="39" elements="57" coveredelements="43"/>
      </class>
      <line num="17" type="method" name="shortName" visibility="protected" complexity="1" crap="2" count="0"/>
      <line num="19" type="stmt" count="0"/>
      <line num="22" type="method" name="publishController" visibility="protected" complexity="4" crap="20" count="0"/>
      <line num="25" type="stmt" count="0"/>
      <line num="26" type="stmt" count="0"/>
      <line num="30" type="stmt" count="0"/>
      <line num="32" type="stmt" count="0"/>
      <line num="33" type="stmt" count="0"/>
      <line num="36" type="stmt" count="0"/>
      <line num="37" type="stmt" count="0"/>
      <line num="40" type="stmt" count="0"/>
      <line num="44" type="method" name="registeringPackage" visibility="public" complexity="1" crap="1" count="36"/>
      <line num="47" type="stmt" count="36"/>
      <line num="48" type="stmt" count="36"/>
      <line num="49" type="stmt" count="36"/>
      <line num="52" type="method" name="configurePackage" visibility="public" complexity="1" crap="1" count="36"/>
      <line num="59" type="stmt" count="36"/>
      <line num="60" type="stmt" count="36"/>
      <line num="61" type="stmt" count="36"/>
      <line num="62" type="stmt" count="36"/>
      <line num="63" type="stmt" count="36"/>
      <line num="64" type="stmt" count="36"/>
      <line num="65" type="stmt" count="36"/>
      <line num="66" type="stmt" count="36"/>
      <line num="69" type="method" name="packageRegistered" visibility="public" complexity="2" crap="2" count="36"/>
      <line num="72" type="stmt" count="36"/>
      <line num="75" type="stmt" count="36"/>
      <line num="76" type="stmt" count="36"/>
      <line num="80" type="stmt" count="36"/>
      <line num="81" type="stmt" count="34"/>
      <line num="82" type="stmt" count="36"/>
      <line num="85" type="method" name="registerRoutes" visibility="protected" complexity="3" crap="3" count="36"/>
      <line num="87" type="stmt" count="36"/>
      <line num="88" type="stmt" count="36"/>
      <line num="89" type="stmt" count="36"/>
      <line num="90" type="stmt" count="36"/>
      <line num="91" type="stmt" count="36"/>
      <line num="92" type="stmt" count="36"/>
      <line num="93" type="stmt" count="36"/>
      <line num="94" type="stmt" count="36"/>
      <line num="95" type="stmt" count="36"/>
      <line num="96" type="stmt" count="36"/>
      <line num="97" type="stmt" count="36"/>
      <line num="98" type="stmt" count="36"/>
      <line num="99" type="stmt" count="36"/>
      <line num="100" type="stmt" count="36"/>
      <line num="101" type="stmt" count="36"/>
      <line num="102" type="stmt" count="36"/>
      <line num="103" type="stmt" count="36"/>
      <line num="106" type="stmt" count="36"/>
      <line num="107" type="stmt" count="36"/>
      <line num="109" type="stmt" count="36"/>
      <line num="114" type="stmt" count="36"/>
      <line num="117" type="method" name="packageBooted" visibility="public" complexity="2" crap="3.19" count="36"/>
      <line num="120" type="stmt" count="36"/>
      <line num="121" type="stmt" count="0"/>
      <line num="122" type="stmt" count="0"/>
      <metrics loc="126" ncloc="111" classes="1" methods="7" coveredmethods="4" conditionals="0" coveredconditionals="0" statements="50" coveredstatements="39" elements="57" coveredelements="43"/>
    </file>
    <metrics files="26" loc="2228" ncloc="1689" classes="22" methods="58" coveredmethods="18" conditionals="0" coveredconditionals="0" statements="715" coveredstatements="529" elements="773" coveredelements="547"/>
  </project>
</coverage>
